{"D:\\proyects\\cloud-github\\fullStack\\actividades\\notes_part2\\src\\App.js": {"path":"D:\\proyects\\cloud-github\\fullStack\\actividades\\notes_part2\\src\\App.js","statementMap":{"0":{"start":{"line":9,"column":12},"end":{"line":126,"column":1}},"1":{"start":{"line":10,"column":28},"end":{"line":10,"column":40}},"2":{"start":{"line":11,"column":32},"end":{"line":11,"column":46}},"3":{"start":{"line":12,"column":42},"end":{"line":12,"column":56}},"4":{"start":{"line":13,"column":27},"end":{"line":13,"column":41}},"5":{"start":{"line":14,"column":34},"end":{"line":14,"column":46}},"6":{"start":{"line":15,"column":34},"end":{"line":15,"column":46}},"7":{"start":{"line":16,"column":28},"end":{"line":16,"column":40}},"8":{"start":{"line":20,"column":2},"end":{"line":26,"column":8}},"9":{"start":{"line":21,"column":4},"end":{"line":25,"column":8}},"10":{"start":{"line":24,"column":8},"end":{"line":24,"column":30}},"11":{"start":{"line":28,"column":2},"end":{"line":36,"column":8}},"12":{"start":{"line":29,"column":27},"end":{"line":29,"column":75}},"13":{"start":{"line":30,"column":4},"end":{"line":35,"column":5}},"14":{"start":{"line":31,"column":19},"end":{"line":31,"column":45}},"15":{"start":{"line":32,"column":6},"end":{"line":32,"column":19}},"16":{"start":{"line":33,"column":6},"end":{"line":33,"column":26}},"17":{"start":{"line":34,"column":6},"end":{"line":34,"column":38}},"18":{"start":{"line":38,"column":18},"end":{"line":44,"column":3}},"19":{"start":{"line":39,"column":4},"end":{"line":43,"column":8}},"20":{"start":{"line":42,"column":8},"end":{"line":42,"column":44}},"21":{"start":{"line":45,"column":29},"end":{"line":62,"column":3}},"22":{"start":{"line":46,"column":17},"end":{"line":46,"column":45}},"23":{"start":{"line":46,"column":33},"end":{"line":46,"column":44}},"24":{"start":{"line":47,"column":24},"end":{"line":47,"column":63}},"25":{"start":{"line":49,"column":4},"end":{"line":61,"column":8}},"26":{"start":{"line":52,"column":8},"end":{"line":52,"column":73}},"27":{"start":{"line":52,"column":35},"end":{"line":52,"column":71}},"28":{"start":{"line":55,"column":8},"end":{"line":57,"column":9}},"29":{"start":{"line":58,"column":8},"end":{"line":60,"column":16}},"30":{"start":{"line":59,"column":10},"end":{"line":59,"column":31}},"31":{"start":{"line":66,"column":22},"end":{"line":68,"column":42}},"32":{"start":{"line":68,"column":27},"end":{"line":68,"column":41}},"33":{"start":{"line":70,"column":2},"end":{"line":70,"column":20}},"34":{"start":{"line":72,"column":23},"end":{"line":87,"column":3}},"35":{"start":{"line":73,"column":4},"end":{"line":73,"column":26}},"36":{"start":{"line":74,"column":4},"end":{"line":86,"column":36}},"37":{"start":{"line":75,"column":19},"end":{"line":75,"column":54}},"38":{"start":{"line":77,"column":6},"end":{"line":79,"column":7}},"39":{"start":{"line":81,"column":6},"end":{"line":81,"column":26}},"40":{"start":{"line":83,"column":6},"end":{"line":83,"column":19}},"41":{"start":{"line":84,"column":6},"end":{"line":84,"column":21}},"42":{"start":{"line":85,"column":6},"end":{"line":85,"column":21}},"43":{"start":{"line":86,"column":18},"end":{"line":86,"column":34}},"44":{"start":{"line":89,"column":23},"end":{"line":93,"column":3}},"45":{"start":{"line":90,"column":4},"end":{"line":90,"column":17}},"46":{"start":{"line":91,"column":4},"end":{"line":91,"column":25}},"47":{"start":{"line":92,"column":4},"end":{"line":92,"column":55}},"48":{"start":{"line":97,"column":2},"end":{"line":125,"column":3}},"49":{"start":{"line":106,"column":41},"end":{"line":106,"column":72}},"50":{"start":{"line":107,"column":41},"end":{"line":107,"column":72}},"51":{"start":{"line":111,"column":31},"end":{"line":111,"column":51}},"52":{"start":{"line":117,"column":10},"end":{"line":121,"column":12}},"53":{"start":{"line":120,"column":36},"end":{"line":120,"column":63}}},"fnMap":{"0":{"name":"(anonymous_0)","decl":{"start":{"line":9,"column":12},"end":{"line":9,"column":13}},"loc":{"start":{"line":9,"column":18},"end":{"line":126,"column":1}},"line":9},"1":{"name":"(anonymous_1)","decl":{"start":{"line":20,"column":12},"end":{"line":20,"column":13}},"loc":{"start":{"line":20,"column":18},"end":{"line":26,"column":3}},"line":20},"2":{"name":"(anonymous_2)","decl":{"start":{"line":23,"column":12},"end":{"line":23,"column":13}},"loc":{"start":{"line":23,"column":28},"end":{"line":25,"column":7}},"line":23},"3":{"name":"(anonymous_3)","decl":{"start":{"line":28,"column":12},"end":{"line":28,"column":13}},"loc":{"start":{"line":28,"column":18},"end":{"line":36,"column":3}},"line":28},"4":{"name":"(anonymous_4)","decl":{"start":{"line":38,"column":18},"end":{"line":38,"column":19}},"loc":{"start":{"line":38,"column":34},"end":{"line":44,"column":3}},"line":38},"5":{"name":"(anonymous_5)","decl":{"start":{"line":41,"column":12},"end":{"line":41,"column":13}},"loc":{"start":{"line":41,"column":28},"end":{"line":43,"column":7}},"line":41},"6":{"name":"(anonymous_6)","decl":{"start":{"line":45,"column":29},"end":{"line":45,"column":30}},"loc":{"start":{"line":45,"column":37},"end":{"line":62,"column":3}},"line":45},"7":{"name":"(anonymous_7)","decl":{"start":{"line":46,"column":28},"end":{"line":46,"column":29}},"loc":{"start":{"line":46,"column":33},"end":{"line":46,"column":44}},"line":46},"8":{"name":"(anonymous_8)","decl":{"start":{"line":51,"column":12},"end":{"line":51,"column":13}},"loc":{"start":{"line":51,"column":28},"end":{"line":53,"column":7}},"line":51},"9":{"name":"(anonymous_9)","decl":{"start":{"line":52,"column":27},"end":{"line":52,"column":28}},"loc":{"start":{"line":52,"column":35},"end":{"line":52,"column":71}},"line":52},"10":{"name":"(anonymous_10)","decl":{"start":{"line":54,"column":13},"end":{"line":54,"column":14}},"loc":{"start":{"line":54,"column":22},"end":{"line":61,"column":7}},"line":54},"11":{"name":"(anonymous_11)","decl":{"start":{"line":58,"column":19},"end":{"line":58,"column":20}},"loc":{"start":{"line":58,"column":25},"end":{"line":60,"column":9}},"line":58},"12":{"name":"(anonymous_12)","decl":{"start":{"line":68,"column":19},"end":{"line":68,"column":20}},"loc":{"start":{"line":68,"column":27},"end":{"line":68,"column":41}},"line":68},"13":{"name":"(anonymous_13)","decl":{"start":{"line":72,"column":23},"end":{"line":72,"column":24}},"loc":{"start":{"line":72,"column":40},"end":{"line":87,"column":3}},"line":72},"14":{"name":"(anonymous_14)","decl":{"start":{"line":89,"column":23},"end":{"line":89,"column":24}},"loc":{"start":{"line":89,"column":29},"end":{"line":93,"column":3}},"line":89},"15":{"name":"(anonymous_15)","decl":{"start":{"line":106,"column":30},"end":{"line":106,"column":31}},"loc":{"start":{"line":106,"column":39},"end":{"line":106,"column":74}},"line":106},"16":{"name":"(anonymous_16)","decl":{"start":{"line":107,"column":30},"end":{"line":107,"column":31}},"loc":{"start":{"line":107,"column":39},"end":{"line":107,"column":74}},"line":107},"17":{"name":"(anonymous_17)","decl":{"start":{"line":111,"column":25},"end":{"line":111,"column":26}},"loc":{"start":{"line":111,"column":31},"end":{"line":111,"column":51}},"line":111},"18":{"name":"(anonymous_18)","decl":{"start":{"line":116,"column":25},"end":{"line":116,"column":26}},"loc":{"start":{"line":117,"column":10},"end":{"line":121,"column":12}},"line":117},"19":{"name":"(anonymous_19)","decl":{"start":{"line":120,"column":30},"end":{"line":120,"column":31}},"loc":{"start":{"line":120,"column":36},"end":{"line":120,"column":63}},"line":120}},"branchMap":{"0":{"loc":{"start":{"line":30,"column":4},"end":{"line":35,"column":5}},"type":"if","locations":[{"start":{"line":30,"column":4},"end":{"line":35,"column":5}},{"start":{},"end":{}}],"line":30},"1":{"loc":{"start":{"line":52,"column":35},"end":{"line":52,"column":71}},"type":"cond-expr","locations":[{"start":{"line":52,"column":52},"end":{"line":52,"column":56}},{"start":{"line":52,"column":59},"end":{"line":52,"column":71}}],"line":52},"2":{"loc":{"start":{"line":66,"column":22},"end":{"line":68,"column":42}},"type":"cond-expr","locations":[{"start":{"line":67,"column":6},"end":{"line":67,"column":11}},{"start":{"line":68,"column":6},"end":{"line":68,"column":42}}],"line":66},"3":{"loc":{"start":{"line":102,"column":7},"end":{"line":108,"column":8}},"type":"cond-expr","locations":[{"start":{"line":102,"column":15},"end":{"line":102,"column":73}},{"start":{"line":102,"column":76},"end":{"line":108,"column":8}}],"line":102},"4":{"loc":{"start":{"line":112,"column":16},"end":{"line":112,"column":45}},"type":"cond-expr","locations":[{"start":{"line":112,"column":26},"end":{"line":112,"column":37}},{"start":{"line":112,"column":40},"end":{"line":112,"column":45}}],"line":112}},"s":{"0":0,"1":0,"2":0,"3":0,"4":0,"5":0,"6":0,"7":0,"8":0,"9":0,"10":0,"11":0,"12":0,"13":0,"14":0,"15":0,"16":0,"17":0,"18":0,"19":0,"20":0,"21":0,"22":0,"23":0,"24":0,"25":0,"26":0,"27":0,"28":0,"29":0,"30":0,"31":0,"32":0,"33":0,"34":0,"35":0,"36":0,"37":0,"38":0,"39":0,"40":0,"41":0,"42":0,"43":0,"44":0,"45":0,"46":0,"47":0,"48":0,"49":0,"50":0,"51":0,"52":0,"53":0},"f":{"0":0,"1":0,"2":0,"3":0,"4":0,"5":0,"6":0,"7":0,"8":0,"9":0,"10":0,"11":0,"12":0,"13":0,"14":0,"15":0,"16":0,"17":0,"18":0,"19":0},"b":{"0":[0,0],"1":[0,0],"2":[0,0],"3":[0,0],"4":[0,0]}}
,"D:\\proyects\\cloud-github\\fullStack\\actividades\\notes_part2\\src\\index.js": {"path":"D:\\proyects\\cloud-github\\fullStack\\actividades\\notes_part2\\src\\index.js","statementMap":{"0":{"start":{"line":6,"column":0},"end":{"line":9,"column":1}}},"fnMap":{},"branchMap":{},"s":{"0":0},"f":{},"b":{}}
,"D:\\proyects\\cloud-github\\fullStack\\actividades\\notes_part2\\src\\components\\LoginFrom.js": {"path":"D:\\proyects\\cloud-github\\fullStack\\actividades\\notes_part2\\src\\components\\LoginFrom.js","statementMap":{"0":{"start":{"line":5,"column":18},"end":{"line":33,"column":1}},"1":{"start":{"line":9,"column":4},"end":{"line":32,"column":5}},"2":{"start":{"line":35,"column":0},"end":{"line":41,"column":1}}},"fnMap":{"0":{"name":"(anonymous_0)","decl":{"start":{"line":5,"column":18},"end":{"line":5,"column":19}},"loc":{"start":{"line":5,"column":104},"end":{"line":33,"column":1}},"line":5}},"branchMap":{},"s":{"0":0,"1":0,"2":0},"f":{"0":0},"b":{}}
,"D:\\proyects\\cloud-github\\fullStack\\actividades\\notes_part2\\src\\components\\Note.js": {"path":"D:\\proyects\\cloud-github\\fullStack\\actividades\\notes_part2\\src\\components\\Note.js","statementMap":{"0":{"start":{"line":3,"column":13},"end":{"line":13,"column":1}},"1":{"start":{"line":4,"column":16},"end":{"line":5,"column":45}},"2":{"start":{"line":7,"column":2},"end":{"line":12,"column":3}}},"fnMap":{"0":{"name":"(anonymous_0)","decl":{"start":{"line":3,"column":13},"end":{"line":3,"column":14}},"loc":{"start":{"line":3,"column":45},"end":{"line":13,"column":1}},"line":3}},"branchMap":{"0":{"loc":{"start":{"line":4,"column":16},"end":{"line":5,"column":45}},"type":"cond-expr","locations":[{"start":{"line":5,"column":6},"end":{"line":5,"column":26}},{"start":{"line":5,"column":29},"end":{"line":5,"column":45}}],"line":4}},"s":{"0":1,"1":2,"2":2},"f":{"0":2},"b":{"0":[1,1]},"_coverageSchema":"1a1c01bbd47fc00a2c39e90264f33305004495a9","hash":"2f6c659e74a147d7a1ccbf5f05433e6e0dcb8789"}
,"D:\\proyects\\cloud-github\\fullStack\\actividades\\notes_part2\\src\\components\\NoteForm.js": {"path":"D:\\proyects\\cloud-github\\fullStack\\actividades\\notes_part2\\src\\components\\NoteForm.js","statementMap":{"0":{"start":{"line":5,"column":17},"end":{"line":34,"column":1}},"1":{"start":{"line":6,"column":34},"end":{"line":6,"column":46}},"2":{"start":{"line":7,"column":25},"end":{"line":7,"column":33}},"3":{"start":{"line":9,"column":25},"end":{"line":19,"column":5}},"4":{"start":{"line":10,"column":8},"end":{"line":10,"column":30}},"5":{"start":{"line":11,"column":27},"end":{"line":14,"column":9}},"6":{"start":{"line":16,"column":8},"end":{"line":16,"column":27}},"7":{"start":{"line":17,"column":8},"end":{"line":17,"column":22}},"8":{"start":{"line":18,"column":8},"end":{"line":18,"column":47}},"9":{"start":{"line":21,"column":4},"end":{"line":33,"column":5}},"10":{"start":{"line":27,"column":41},"end":{"line":27,"column":71}},"11":{"start":{"line":36,"column":0},"end":{"line":39,"column":1}}},"fnMap":{"0":{"name":"(anonymous_0)","decl":{"start":{"line":5,"column":17},"end":{"line":5,"column":18}},"loc":{"start":{"line":5,"column":48},"end":{"line":34,"column":1}},"line":5},"1":{"name":"(anonymous_1)","decl":{"start":{"line":9,"column":25},"end":{"line":9,"column":26}},"loc":{"start":{"line":9,"column":36},"end":{"line":19,"column":5}},"line":9},"2":{"name":"(anonymous_2)","decl":{"start":{"line":27,"column":30},"end":{"line":27,"column":31}},"loc":{"start":{"line":27,"column":41},"end":{"line":27,"column":71}},"line":27}},"branchMap":{},"s":{"0":0,"1":0,"2":0,"3":0,"4":0,"5":0,"6":0,"7":0,"8":0,"9":0,"10":0,"11":0},"f":{"0":0,"1":0,"2":0},"b":{}}
,"D:\\proyects\\cloud-github\\fullStack\\actividades\\notes_part2\\src\\components\\Notification.js": {"path":"D:\\proyects\\cloud-github\\fullStack\\actividades\\notes_part2\\src\\components\\Notification.js","statementMap":{"0":{"start":{"line":3,"column":21},"end":{"line":13,"column":1}},"1":{"start":{"line":4,"column":2},"end":{"line":6,"column":3}},"2":{"start":{"line":5,"column":4},"end":{"line":5,"column":15}},"3":{"start":{"line":8,"column":2},"end":{"line":12,"column":3}}},"fnMap":{"0":{"name":"(anonymous_0)","decl":{"start":{"line":3,"column":21},"end":{"line":3,"column":22}},"loc":{"start":{"line":3,"column":38},"end":{"line":13,"column":1}},"line":3}},"branchMap":{"0":{"loc":{"start":{"line":4,"column":2},"end":{"line":6,"column":3}},"type":"if","locations":[{"start":{"line":4,"column":2},"end":{"line":6,"column":3}},{"start":{},"end":{}}],"line":4}},"s":{"0":0,"1":0,"2":0,"3":0},"f":{"0":0},"b":{"0":[0,0]}}
,"D:\\proyects\\cloud-github\\fullStack\\actividades\\notes_part2\\src\\components\\Togglable.js": {"path":"D:\\proyects\\cloud-github\\fullStack\\actividades\\notes_part2\\src\\components\\Togglable.js","statementMap":{"0":{"start":{"line":4,"column":18},"end":{"line":33,"column":2}},"1":{"start":{"line":6,"column":34},"end":{"line":6,"column":49}},"2":{"start":{"line":9,"column":31},"end":{"line":11,"column":5}},"3":{"start":{"line":10,"column":8},"end":{"line":10,"column":24}},"4":{"start":{"line":13,"column":29},"end":{"line":13,"column":55}},"5":{"start":{"line":13,"column":35},"end":{"line":13,"column":55}},"6":{"start":{"line":15,"column":4},"end":{"line":15,"column":67}},"7":{"start":{"line":15,"column":37},"end":{"line":15,"column":64}},"8":{"start":{"line":17,"column":28},"end":{"line":17,"column":62}},"9":{"start":{"line":18,"column":28},"end":{"line":18,"column":62}},"10":{"start":{"line":20,"column":4},"end":{"line":32,"column":5}},"11":{"start":{"line":28,"column":43},"end":{"line":28,"column":60}},"12":{"start":{"line":35,"column":0},"end":{"line":37,"column":1}}},"fnMap":{"0":{"name":"(anonymous_0)","decl":{"start":{"line":4,"column":29},"end":{"line":4,"column":30}},"loc":{"start":{"line":4,"column":73},"end":{"line":33,"column":1}},"line":4},"1":{"name":"(anonymous_1)","decl":{"start":{"line":9,"column":31},"end":{"line":9,"column":32}},"loc":{"start":{"line":9,"column":37},"end":{"line":11,"column":5}},"line":9},"2":{"name":"(anonymous_2)","decl":{"start":{"line":13,"column":29},"end":{"line":13,"column":30}},"loc":{"start":{"line":13,"column":35},"end":{"line":13,"column":55}},"line":13},"3":{"name":"(anonymous_3)","decl":{"start":{"line":15,"column":29},"end":{"line":15,"column":30}},"loc":{"start":{"line":15,"column":35},"end":{"line":15,"column":66}},"line":15},"4":{"name":"(anonymous_4)","decl":{"start":{"line":28,"column":37},"end":{"line":28,"column":38}},"loc":{"start":{"line":28,"column":43},"end":{"line":28,"column":60}},"line":28}},"branchMap":{"0":{"loc":{"start":{"line":4,"column":42},"end":{"line":4,"column":61}},"type":"default-arg","locations":[{"start":{"line":4,"column":52},"end":{"line":4,"column":61}}],"line":4},"1":{"loc":{"start":{"line":17,"column":39},"end":{"line":17,"column":60}},"type":"cond-expr","locations":[{"start":{"line":17,"column":49},"end":{"line":17,"column":55}},{"start":{"line":17,"column":58},"end":{"line":17,"column":60}}],"line":17},"2":{"loc":{"start":{"line":18,"column":39},"end":{"line":18,"column":60}},"type":"cond-expr","locations":[{"start":{"line":18,"column":49},"end":{"line":18,"column":51}},{"start":{"line":18,"column":54},"end":{"line":18,"column":60}}],"line":18}},"s":{"0":1,"1":7,"2":7,"3":2,"4":7,"5":0,"6":7,"7":0,"8":7,"9":7,"10":7,"11":1,"12":1},"f":{"0":7,"1":2,"2":0,"3":0,"4":1},"b":{"0":[0],"1":[2,5],"2":[2,5]},"_coverageSchema":"1a1c01bbd47fc00a2c39e90264f33305004495a9","hash":"a55ff0b5db41bde6b480ae1f58edf9f4d4ba4932"}
,"D:\\proyects\\cloud-github\\fullStack\\actividades\\notes_part2\\src\\services\\login.js": {"path":"D:\\proyects\\cloud-github\\fullStack\\actividades\\notes_part2\\src\\services\\login.js","statementMap":{"0":{"start":{"line":3,"column":16},"end":{"line":3,"column":49}},"1":{"start":{"line":5,"column":21},"end":{"line":8,"column":1}},"2":{"start":{"line":6,"column":19},"end":{"line":6,"column":57}},"3":{"start":{"line":7,"column":4},"end":{"line":7,"column":15}}},"fnMap":{"0":{"name":"(anonymous_0)","decl":{"start":{"line":5,"column":21},"end":{"line":5,"column":22}},"loc":{"start":{"line":5,"column":42},"end":{"line":8,"column":1}},"line":5}},"branchMap":{},"s":{"0":0,"1":0,"2":0,"3":0},"f":{"0":0},"b":{}}
,"D:\\proyects\\cloud-github\\fullStack\\actividades\\notes_part2\\src\\services\\notes.js": {"path":"D:\\proyects\\cloud-github\\fullStack\\actividades\\notes_part2\\src\\services\\notes.js","statementMap":{"0":{"start":{"line":2,"column":16},"end":{"line":2,"column":49}},"1":{"start":{"line":4,"column":12},"end":{"line":4,"column":16}},"2":{"start":{"line":6,"column":17},"end":{"line":8,"column":1}},"3":{"start":{"line":7,"column":2},"end":{"line":7,"column":18}},"4":{"start":{"line":10,"column":15},"end":{"line":14,"column":1}},"5":{"start":{"line":11,"column":18},"end":{"line":11,"column":36}},"6":{"start":{"line":13,"column":2},"end":{"line":13,"column":48}},"7":{"start":{"line":13,"column":34},"end":{"line":13,"column":47}},"8":{"start":{"line":16,"column":15},"end":{"line":22,"column":1}},"9":{"start":{"line":17,"column":17},"end":{"line":19,"column":3}},"10":{"start":{"line":20,"column":18},"end":{"line":20,"column":56}},"11":{"start":{"line":21,"column":2},"end":{"line":21,"column":48}},"12":{"start":{"line":21,"column":34},"end":{"line":21,"column":47}},"13":{"start":{"line":24,"column":15},"end":{"line":30,"column":1}},"14":{"start":{"line":25,"column":17},"end":{"line":27,"column":3}},"15":{"start":{"line":28,"column":18},"end":{"line":28,"column":66}},"16":{"start":{"line":29,"column":2},"end":{"line":29,"column":48}},"17":{"start":{"line":29,"column":34},"end":{"line":29,"column":47}}},"fnMap":{"0":{"name":"(anonymous_0)","decl":{"start":{"line":6,"column":17},"end":{"line":6,"column":18}},"loc":{"start":{"line":6,"column":29},"end":{"line":8,"column":1}},"line":6},"1":{"name":"(anonymous_1)","decl":{"start":{"line":10,"column":15},"end":{"line":10,"column":16}},"loc":{"start":{"line":10,"column":21},"end":{"line":14,"column":1}},"line":10},"2":{"name":"(anonymous_2)","decl":{"start":{"line":13,"column":22},"end":{"line":13,"column":23}},"loc":{"start":{"line":13,"column":34},"end":{"line":13,"column":47}},"line":13},"3":{"name":"(anonymous_3)","decl":{"start":{"line":16,"column":15},"end":{"line":16,"column":16}},"loc":{"start":{"line":16,"column":30},"end":{"line":22,"column":1}},"line":16},"4":{"name":"(anonymous_4)","decl":{"start":{"line":21,"column":22},"end":{"line":21,"column":23}},"loc":{"start":{"line":21,"column":34},"end":{"line":21,"column":47}},"line":21},"5":{"name":"(anonymous_5)","decl":{"start":{"line":24,"column":15},"end":{"line":24,"column":16}},"loc":{"start":{"line":24,"column":34},"end":{"line":30,"column":1}},"line":24},"6":{"name":"(anonymous_6)","decl":{"start":{"line":29,"column":22},"end":{"line":29,"column":23}},"loc":{"start":{"line":29,"column":34},"end":{"line":29,"column":47}},"line":29}},"branchMap":{},"s":{"0":0,"1":0,"2":0,"3":0,"4":0,"5":0,"6":0,"7":0,"8":0,"9":0,"10":0,"11":0,"12":0,"13":0,"14":0,"15":0,"16":0,"17":0},"f":{"0":0,"1":0,"2":0,"3":0,"4":0,"5":0,"6":0},"b":{}}
}
